Prices ahead
- time: '2025-10-19T00:00:00+02:00'
price: 0.552
optimal_devices: []
- time: '2025-10-19T00:15:00+02:00'
price: 0.517
optimal_devices: []
- time: '2025-10-19T00:30:00+02:00'
price: 0.471
optimal_devices: []
- time: '2025-10-19T00:45:00+02:00'
price: 0.469
optimal_devices: []
- time: '2025-10-19T01:00:00+02:00'
price: 0.496
optimal_devices: []
- time: '2025-10-19T01:15:00+02:00'
price: 0.482
optimal_devices: []
- time: '2025-10-19T01:30:00+02:00'
price: 0.471
optimal_devices: []
- time: '2025-10-19T01:45:00+02:00'
price: 0.468
optimal_devices: []
- time: '2025-10-19T02:00:00+02:00'
price: 0.513
optimal_devices: []
- time: '2025-10-19T02:15:00+02:00'
price: 0.493
optimal_devices: []
- time: '2025-10-19T02:30:00+02:00'
price: 0.482
optimal_devices: []
- time: '2025-10-19T02:45:00+02:00'
price: 0.478
optimal_devices: []
- time: '2025-10-19T03:00:00+02:00'
price: 0.447
optimal_devices: []
- time: '2025-10-19T03:15:00+02:00'
price: 0.44
optimal_devices: []
- time: '2025-10-19T03:30:00+02:00'
price: 0.427
optimal_devices: []
- time: '2025-10-19T03:45:00+02:00'
price: 0.425
optimal_devices: []
- time: '2025-10-19T04:00:00+02:00'
price: 0.396
optimal_devices: []
- time: '2025-10-19T04:15:00+02:00'
price: 0.41
optimal_devices: []
- time: '2025-10-19T04:30:00+02:00'
price: 0.419
optimal_devices: []
- time: '2025-10-19T04:45:00+02:00'
price: 0.428
optimal_devices: []
- time: '2025-10-19T05:00:00+02:00'
price: 0.374
optimal_devices: []
- time: '2025-10-19T05:15:00+02:00'
price: 0.4
optimal_devices: []
- time: '2025-10-19T05:30:00+02:00'
price: 0.424
optimal_devices: []
- time: '2025-10-19T05:45:00+02:00'
price: 0.428
optimal_devices: []
- time: '2025-10-19T06:00:00+02:00'
price: 0.433
optimal_devices: []
- time: '2025-10-19T06:15:00+02:00'
price: 0.433
optimal_devices: []
- time: '2025-10-19T06:30:00+02:00'
price: 0.446
optimal_devices: []
- time: '2025-10-19T06:45:00+02:00'
price: 0.458
optimal_devices: []
- time: '2025-10-19T07:00:00+02:00'
price: 0.465
optimal_devices: []
- time: '2025-10-19T07:15:00+02:00'
price: 0.472
optimal_devices: []
- time: '2025-10-19T07:30:00+02:00'
price: 0.513
optimal_devices: []
- time: '2025-10-19T07:45:00+02:00'
price: 0.534
optimal_devices: []
- time: '2025-10-19T08:00:00+02:00'
price: 0.54
optimal_devices: []
- time: '2025-10-19T08:15:00+02:00'
price: 0.543
optimal_devices: []
- time: '2025-10-19T08:30:00+02:00'
price: 0.523
optimal_devices: []
- time: '2025-10-19T08:45:00+02:00'
price: 0.474
optimal_devices: []
- time: '2025-10-19T09:00:00+02:00'
price: 0.571
optimal_devices: []
- time: '2025-10-19T09:15:00+02:00'
price: 0.534
optimal_devices: []
- time: '2025-10-19T09:30:00+02:00'
price: 0.465
optimal_devices: []
- time: '2025-10-19T09:45:00+02:00'
price: 0.426
optimal_devices: []
- time: '2025-10-19T10:00:00+02:00'
price: 0.494
optimal_devices: []
- time: '2025-10-19T10:15:00+02:00'
price: 0.484
optimal_devices: []
- time: '2025-10-19T10:30:00+02:00'
price: 0.477
optimal_devices: []
- time: '2025-10-19T10:45:00+02:00'
price: 0.448
optimal_devices: []
- time: '2025-10-19T11:00:00+02:00'
price: 0.502
optimal_devices: []
- time: '2025-10-19T11:15:00+02:00'
price: 0.47
optimal_devices: []
- time: '2025-10-19T11:30:00+02:00'
price: 0.434
optimal_devices: []
- time: '2025-10-19T11:45:00+02:00'
price: 0.335
optimal_devices: []
- time: '2025-10-19T12:00:00+02:00'
price: 0.4
optimal_devices: []
- time: '2025-10-19T12:15:00+02:00'
price: 0.321
optimal_devices: []
- time: '2025-10-19T12:30:00+02:00'
price: 0.209
optimal_devices: []
- time: '2025-10-19T12:45:00+02:00'
price: 0.175
optimal_devices: []
- time: '2025-10-19T13:00:00+02:00'
price: 0.218
optimal_devices: []
- time: '2025-10-19T13:15:00+02:00'
price: 0.195
optimal_devices: []
- time: '2025-10-19T13:30:00+02:00'
price: 0.186
optimal_devices: []
- time: '2025-10-19T13:45:00+02:00'
price: 0.158
optimal_devices: []
- time: '2025-10-19T14:00:00+02:00'
price: 0.112
optimal_devices: []
- time: '2025-10-19T14:15:00+02:00'
price: 0.212
optimal_devices: []
- time: '2025-10-19T14:30:00+02:00'
price: 0.363
optimal_devices: []
- time: '2025-10-19T14:45:00+02:00'
price: 0.457
optimal_devices: []
- time: '2025-10-19T15:00:00+02:00'
price: 0.372
optimal_devices: []
- time: '2025-10-19T15:15:00+02:00'
price: 0.476
optimal_devices: []
- time: '2025-10-19T15:30:00+02:00'
price: 0.493
optimal_devices: []
- time: '2025-10-19T15:45:00+02:00'
price: 0.519
optimal_devices: []
- time: '2025-10-19T16:00:00+02:00'
price: 0.441
optimal_devices: []
- time: '2025-10-19T16:15:00+02:00'
price: 0.504
optimal_devices: []
- time: '2025-10-19T16:30:00+02:00'
price: 0.619
optimal_devices: []
- time: '2025-10-19T16:45:00+02:00'
price: 0.685
optimal_devices: []
- time: '2025-10-19T17:00:00+02:00'
price: 0.655
optimal_devices: []
- time: '2025-10-19T17:15:00+02:00'
price: 0.707
optimal_devices: []
- time: '2025-10-19T17:30:00+02:00'
price: 0.757
optimal_devices: []
- time: '2025-10-19T17:45:00+02:00'
price: 0.927
optimal_devices: []
- time: '2025-10-19T18:00:00+02:00'
price: 0.894
optimal_devices: []
- time: '2025-10-19T18:15:00+02:00'
price: 0.916
optimal_devices: []
- time: '2025-10-19T18:30:00+02:00'
price: 0.798
optimal_devices: []
- time: '2025-10-19T18:45:00+02:00'
price: 0.739
optimal_devices: []
- time: '2025-10-19T19:00:00+02:00'
price: 0.819
optimal_devices: []
- time: '2025-10-19T19:15:00+02:00'
price: 0.676
optimal_devices: []
- time: '2025-10-19T19:30:00+02:00'
price: 0.614
optimal_devices: []
- time: '2025-10-19T19:45:00+02:00'
price: 0.527
optimal_devices: []
- time: '2025-10-19T20:00:00+02:00'
price: 0.519
optimal_devices: []
- time: '2025-10-19T20:15:00+02:00'
price: 0.518
optimal_devices: []
- time: '2025-10-19T20:30:00+02:00'
price: 0.525
optimal_devices: []
- time: '2025-10-19T20:45:00+02:00'
price: 0.508
optimal_devices: []
- time: '2025-10-19T21:00:00+02:00'
price: 0.536
optimal_devices:
- Dehumidifier
- time: '2025-10-19T21:15:00+02:00'
price: 0.521
optimal_devices:
- Dehumidifier
- time: '2025-10-19T21:30:00+02:00'
price: 0.495
optimal_devices:
- Dehumidifier
- time: '2025-10-19T21:45:00+02:00'
price: 0.448
optimal_devices:
- Dehumidifier
- time: '2025-10-19T22:00:00+02:00'
price: 0.492
optimal_devices:
- Dehumidifier
- time: '2025-10-19T22:15:00+02:00'
price: 0.484
optimal_devices:
- Dehumidifier
- time: '2025-10-19T22:30:00+02:00'
price: 0.478
optimal_devices:
- Dehumidifier
- time: '2025-10-19T22:45:00+02:00'
price: 0.434
optimal_devices:
- Dehumidifier
- time: '2025-10-19T23:00:00+02:00'
price: 0.477
optimal_devices:
- Dehumidifier
- time: '2025-10-19T23:15:00+02:00'
price: 0.429
optimal_devices:
- Dehumidifier
- time: '2025-10-19T23:30:00+02:00'
price: 0.412
optimal_devices:
- Dehumidifier
- time: '2025-10-19T23:45:00+02:00'
price: 0.402
optimal_devices:
- Dehumidifier
- time: '2025-10-20T00:00:00+02:00'
price: 0.394
optimal_devices:
- Dehumidifier
- time: '2025-10-20T00:15:00+02:00'
price: 0.413
optimal_devices:
- Dehumidifier
- AC
- time: '2025-10-20T00:30:00+02:00'
price: 0.412
optimal_devices:
- Dehumidifier
- AC
- time: '2025-10-20T00:45:00+02:00'
price: 0.413
optimal_devices:
- AC
- time: '2025-10-20T01:00:00+02:00'
price: 0.4
optimal_devices:
- AC
- time: '2025-10-20T01:15:00+02:00'
price: 0.399
optimal_devices:
- AC
- time: '2025-10-20T01:30:00+02:00'
price: 0.446
optimal_devices:
- AC
- time: '2025-10-20T01:45:00+02:00'
price: 0.471
optimal_devices:
- AC
- time: '2025-10-20T02:00:00+02:00'
price: 0.395
optimal_devices:
- AC
- time: '2025-10-20T02:15:00+02:00'
price: 0.426
optimal_devices:
- AC
- time: '2025-10-20T02:30:00+02:00'
price: 0.468
optimal_devices:
- AC
- time: '2025-10-20T02:45:00+02:00'
price: 0.483
optimal_devices:
- AC
- time: '2025-10-20T03:00:00+02:00'
price: 0.404
optimal_devices:
- AC
- time: '2025-10-20T03:15:00+02:00'
price: 0.44
optimal_devices:
- AC
- time: '2025-10-20T03:30:00+02:00'
price: 0.471
optimal_devices:
- AC
- time: '2025-10-20T03:45:00+02:00'
price: 0.48
optimal_devices:
- AC
- time: '2025-10-20T04:00:00+02:00'
price: 0.388
optimal_devices:
- AC
- time: '2025-10-20T04:15:00+02:00'
price: 0.448
optimal_devices: []
- time: '2025-10-20T04:30:00+02:00'
price: 0.49
optimal_devices: []
- time: '2025-10-20T04:45:00+02:00'
price: 0.552
optimal_devices: []
- time: '2025-10-20T05:00:00+02:00'
price: 0.538
optimal_devices: []
- time: '2025-10-20T05:15:00+02:00'
price: 0.593
optimal_devices: []
- time: '2025-10-20T05:30:00+02:00'
price: 0.626
optimal_devices: []
- time: '2025-10-20T05:45:00+02:00'
price: 0.716
optimal_devices: []
- time: '2025-10-20T06:00:00+02:00'
price: 0.75
optimal_devices: []
- time: '2025-10-20T06:15:00+02:00'
price: 0.952
optimal_devices: []
- time: '2025-10-20T06:30:00+02:00'
price: 1.092
optimal_devices: []
- time: '2025-10-20T06:45:00+02:00'
price: 1.117
optimal_devices: []
- time: '2025-10-20T07:00:00+02:00'
price: 1.196
optimal_devices: []
- time: '2025-10-20T07:15:00+02:00'
price: 1.331
optimal_devices: []
- time: '2025-10-20T07:30:00+02:00'
price: 1.481
optimal_devices: []
- time: '2025-10-20T07:45:00+02:00'
price: 1.655
optimal_devices: []
- time: '2025-10-20T08:00:00+02:00'
price: 1.589
optimal_devices: []
- time: '2025-10-20T08:15:00+02:00'
price: 1.536
optimal_devices: []
- time: '2025-10-20T08:30:00+02:00'
price: 1.501
optimal_devices: []
- time: '2025-10-20T08:45:00+02:00'
price: 1.376
optimal_devices: []
- time: '2025-10-20T09:00:00+02:00'
price: 1.471
optimal_devices: []
- time: '2025-10-20T09:15:00+02:00'
price: 1.35
optimal_devices: []
- time: '2025-10-20T09:30:00+02:00'
price: 1.082
optimal_devices: []
- time: '2025-10-20T09:45:00+02:00'
price: 0.995
optimal_devices: []
- time: '2025-10-20T10:00:00+02:00'
price: 0.955
optimal_devices: []
- time: '2025-10-20T10:15:00+02:00'
price: 0.936
optimal_devices: []
- time: '2025-10-20T10:30:00+02:00'
price: 0.891
optimal_devices: []
- time: '2025-10-20T10:45:00+02:00'
price: 0.837
optimal_devices: []
- time: '2025-10-20T11:00:00+02:00'
price: 0.882
optimal_devices: []
- time: '2025-10-20T11:15:00+02:00'
price: 0.847
optimal_devices: []
- time: '2025-10-20T11:30:00+02:00'
price: 0.828
optimal_devices: []
- time: '2025-10-20T11:45:00+02:00'
price: 0.815
optimal_devices: []
- time: '2025-10-20T12:00:00+02:00'
price: 0.825
optimal_devices: []
- time: '2025-10-20T12:15:00+02:00'
price: 0.756
optimal_devices: []
- time: '2025-10-20T12:30:00+02:00'
price: 0.717
optimal_devices: []
- time: '2025-10-20T12:45:00+02:00'
price: 0.755
optimal_devices: []
- time: '2025-10-20T13:00:00+02:00'
price: 0.789
optimal_devices: []
- time: '2025-10-20T13:15:00+02:00'
price: 0.805
optimal_devices: []
- time: '2025-10-20T13:30:00+02:00'
price: 0.795
optimal_devices: []
- time: '2025-10-20T13:45:00+02:00'
price: 0.79
optimal_devices: []
- time: '2025-10-20T14:00:00+02:00'
price: 0.779
optimal_devices: []
- time: '2025-10-20T14:15:00+02:00'
price: 0.827
optimal_devices: []
- time: '2025-10-20T14:30:00+02:00'
price: 0.868
optimal_devices: []
- time: '2025-10-20T14:45:00+02:00'
price: 0.905
optimal_devices: []
- time: '2025-10-20T15:00:00+02:00'
price: 0.915
optimal_devices: []
- time: '2025-10-20T15:15:00+02:00'
price: 0.988
optimal_devices: []
- time: '2025-10-20T15:30:00+02:00'
price: 1.017
optimal_devices: []
- time: '2025-10-20T15:45:00+02:00'
price: 1.024
optimal_devices: []
- time: '2025-10-20T16:00:00+02:00'
price: 0.999
optimal_devices: []
- time: '2025-10-20T16:15:00+02:00'
price: 1.008
optimal_devices: []
- time: '2025-10-20T16:30:00+02:00'
price: 1.055
optimal_devices: []
- time: '2025-10-20T16:45:00+02:00'
price: 1.099
optimal_devices: []
- time: '2025-10-20T17:00:00+02:00'
price: 1.037
optimal_devices: []
- time: '2025-10-20T17:15:00+02:00'
price: 1.073
optimal_devices: []
- time: '2025-10-20T17:30:00+02:00'
price: 1.116
optimal_devices: []
- time: '2025-10-20T17:45:00+02:00'
price: 1.127
optimal_devices: []
- time: '2025-10-20T18:00:00+02:00'
price: 1.142
optimal_devices: []
- time: '2025-10-20T18:15:00+02:00'
price: 1.137
optimal_devices: []
- time: '2025-10-20T18:30:00+02:00'
price: 1.129
optimal_devices: []
- time: '2025-10-20T18:45:00+02:00'
price: 1.095
optimal_devices: []
- time: '2025-10-20T19:00:00+02:00'
price: 1.028
optimal_devices: []
- time: '2025-10-20T19:15:00+02:00'
price: 0.938
optimal_devices: []
- time: '2025-10-20T19:30:00+02:00'
price: 0.837
optimal_devices: []
- time: '2025-10-20T19:45:00+02:00'
price: 0.75
optimal_devices: []
- time: '2025-10-20T20:00:00+02:00'
price: 0.69
optimal_devices: []
- time: '2025-10-20T20:15:00+02:00'
price: 0.637
optimal_devices: []
- time: '2025-10-20T20:30:00+02:00'
price: 0.601
optimal_devices: []
- time: '2025-10-20T20:45:00+02:00'
price: 0.523
optimal_devices: []
- time: '2025-10-20T21:00:00+02:00'
price: 0.616
optimal_devices: []
- time: '2025-10-20T21:15:00+02:00'
price: 0.592
optimal_devices: []
- time: '2025-10-20T21:30:00+02:00'
price: 0.518
optimal_devices:
- Dehumidifier
- time: '2025-10-20T21:45:00+02:00'
price: 0.456
optimal_devices:
- Dehumidifier
- time: '2025-10-20T22:00:00+02:00'
price: 0.544
optimal_devices:
- Dehumidifier
- time: '2025-10-20T22:15:00+02:00'
price: 0.479
optimal_devices:
- Dehumidifier
- time: '2025-10-20T22:30:00+02:00'
price: 0.415
optimal_devices:
- Dehumidifier
- time: '2025-10-20T22:45:00+02:00'
price: 0.391
optimal_devices:
- Dehumidifier
- time: '2025-10-20T23:00:00+02:00'
price: 0.414
optimal_devices:
- Dehumidifier
- time: '2025-10-20T23:15:00+02:00'
price: 0.372
optimal_devices:
- Dehumidifier
- time: '2025-10-20T23:30:00+02:00'
price: 0.353
optimal_devices:
- Dehumidifier
- time: '2025-10-20T23:45:00+02:00'
price: 0.273
optimal_devices:
- Dehumidifier
Optimal periods
- device: Dehumidifier
start: '2025-10-19T00:15:00+02:00'
end: '2025-10-19T08:00:00+02:00'
average_price: 0.44526355765913395
status: completed
color: '#4CAF50'
row: 0
- device: Dehumidifier
start: '2025-10-19T09:00:00+02:00'
end: '2025-10-19T16:30:00+02:00'
average_price: 0.3626457478005864
status: completed
color: '#4CAF50'
row: 0
- device: Dehumidifier
start: '2025-10-19T21:00:00+02:00'
end: '2025-10-20T00:45:00+02:00'
average_price: 0.4270927832244008
status: planned
color: '#4CAF50'
row: 0
- device: Dehumidifier
start: '2025-10-20T21:30:00+02:00'
end: '2025-10-21T00:45:00+02:00'
average_price: 0.33909528388278387
status: planned
color: '#4CAF50'
row: 0
- device: AC
start: '2025-10-19T11:15:00+02:00'
end: '2025-10-19T15:15:00+02:00'
average_price: 0.2885625
status: completed
color: '#2196F3'
row: 1
- device: AC
start: '2025-10-20T00:15:00+02:00'
end: '2025-10-20T04:15:00+02:00'
average_price: 0.4318125
status: planned
color: '#2196F3'
row: 1
Device periods
- device: Dehumidifier
row: 0
periods:
- start: '2025-10-19T00:15:00+02:00'
end: '2025-10-19T08:00:00+02:00'
average_price: 0.44526355765913395
status: completed
- start: '2025-10-19T09:00:00+02:00'
end: '2025-10-19T16:30:00+02:00'
average_price: 0.3626457478005864
status: completed
- start: '2025-10-19T21:00:00+02:00'
end: '2025-10-20T00:45:00+02:00'
average_price: 0.4270927832244008
status: planned
- start: '2025-10-20T21:30:00+02:00'
end: '2025-10-21T00:45:00+02:00'
average_price: 0.33909528388278387
status: planned
color: '#4CAF50'
y_position: -0.05
- device: AC
row: 1
periods:
- start: '2025-10-19T11:15:00+02:00'
end: '2025-10-19T15:15:00+02:00'
average_price: 0.2885625
status: completed
- start: '2025-10-20T00:15:00+02:00'
end: '2025-10-20T04:15:00+02:00'
average_price: 0.4318125
status: planned
color: '#2196F3'
y_position: -0.13
Device colors
Dehumidifier: '#4CAF50'
AC: '#2196F3'
Device rows
Dehumidifier: 0
AC: 1
Hours ahead
48
Unit
kWh
Last updated
October 19, 2025 at 7:39:01 PM
Current time
October 19, 2025 at 7:39:01 PM
Time range
start: '2025-10-19T00:00:00+02:00'
end: '2025-10-20T23:59:59.999999+02:00'
tomorrow_data_available: true
Total devices
2
Chart layout
row_height: 0.08
row_spacing: 0.05
base_offset: -0.05